This file contains any messages produced by compilers while
running configure, to aid debugging if configure makes a mistake.

It was created by configure, which was
generated by GNU Autoconf 2.54.  Invocation command line was

  $ ./configure --prefix /usr/local

## --------- ##
## Platform. ##
## --------- ##

hostname = huscs008
uname -m = x86_64
uname -r = 3.10.0-514.26.2.el7.x86_64
uname -s = Linux
uname -v = #1 SMP Tue Jul 4 15:04:05 UTC 2017

/usr/bin/uname -p = x86_64
/bin/uname -X     = unknown

/bin/arch              = x86_64
/usr/bin/arch -k       = unknown
/usr/convex/getsysinfo = unknown
hostinfo               = unknown
/bin/machine           = unknown
/usr/bin/oslevel       = unknown
/bin/universe          = unknown

PATH: /opt/sbt/bin
PATH: /usr/java/default/bin
PATH: /usr/local/bin
PATH: /usr/bin
PATH: /usr/local/sbin
PATH: /usr/sbin
PATH: /home/general/.local/bin
PATH: /home/general/bin


## ----------- ##
## Core tests. ##
## ----------- ##

configure:1522: checking for a BSD-compatible install
configure:1576: result: /usr/bin/install -c
configure:1587: checking whether build environment is sane
configure:1630: result: yes
configure:1645: checking whether make sets ${MAKE}
configure:1665: result: yes
configure:1688: checking for working aclocal-1.4
configure:1699: result: missing
configure:1703: checking for working autoconf
configure:1714: result: missing
configure:1718: checking for working automake-1.4
configure:1729: result: missing
configure:1733: checking for working autoheader
configure:1744: result: missing
configure:1748: checking for working makeinfo
configure:1759: result: missing
configure:1798: checking whether to enable maintainer-specific portions of Makefiles
configure:1807: result: no
configure:1828: checking build system type
configure:1846: result: x86_64-unknown-linux-gnu
configure:1854: checking host system type
configure:1868: result: x86_64-unknown-linux-gnu
configure:1877: checking for the BeOS
configure:1887: result: no
configure:1891: checking for Win32
configure:1919: result: no
configure:2043: checking whether to enable garbage collector friendliness
configure:2055: result: no
configure:2059: checking whether to disable memory pools
configure:2062: result: no
configure:2121: checking for gcc
configure:2137: found /usr/bin/gcc
configure:2147: result: gcc
configure:2389: checking for C compiler version
configure:2392: gcc --version </dev/null >&5
gcc (GCC) 4.8.5 20150623 (Red Hat 4.8.5-16)
Copyright (C) 2015 Free Software Foundation, Inc.
This is free software; see the source for copying conditions.  There is NO
warranty; not even for MERCHANTABILITY or FITNESS FOR A PARTICULAR PURPOSE.

configure:2395: $? = 0
configure:2397: gcc -v </dev/null >&5
Using built-in specs.
COLLECT_GCC=gcc
COLLECT_LTO_WRAPPER=/usr/libexec/gcc/x86_64-redhat-linux/4.8.5/lto-wrapper
Target: x86_64-redhat-linux
Configured with: ../configure --prefix=/usr --mandir=/usr/share/man --infodir=/usr/share/info --with-bugurl=http://bugzilla.redhat.com/bugzilla --enable-bootstrap --enable-shared --enable-threads=posix --enable-checking=release --with-system-zlib --enable-__cxa_atexit --disable-libunwind-exceptions --enable-gnu-unique-object --enable-linker-build-id --with-linker-hash-style=gnu --enable-languages=c,c++,objc,obj-c++,java,fortran,ada,go,lto --enable-plugin --enable-initfini-array --disable-libgcj --with-isl=/builddir/build/BUILD/gcc-4.8.5-20150702/obj-x86_64-redhat-linux/isl-install --with-cloog=/builddir/build/BUILD/gcc-4.8.5-20150702/obj-x86_64-redhat-linux/cloog-install --enable-gnu-indirect-function --with-tune=generic --with-arch_32=x86-64 --build=x86_64-redhat-linux
Thread model: posix
gcc version 4.8.5 20150623 (Red Hat 4.8.5-16) (GCC) 
configure:2400: $? = 0
configure:2402: gcc -V </dev/null >&5
gcc: error: unrecognized command line option '-V'
gcc: fatal error: no input files
compilation terminated.
configure:2405: $? = 4
configure:2425: checking for C compiler default output
configure:2428: gcc    conftest.c  >&5
configure:2431: $? = 0
configure:2465: result: a.out
configure:2470: checking whether the C compiler works
configure:2476: ./a.out
configure:2479: $? = 0
configure:2494: result: yes
configure:2501: checking whether we are cross compiling
configure:2503: result: no
configure:2506: checking for suffix of executables
configure:2508: gcc -o conftest    conftest.c  >&5
configure:2511: $? = 0
configure:2534: result: 
configure:2540: checking for suffix of object files
configure:2558: gcc -c   conftest.c >&5
configure:2561: $? = 0
configure:2580: result: o
configure:2584: checking whether we are using the GNU C compiler
configure:2605: gcc -c   conftest.c >&5
configure:2608: $? = 0
configure:2611: test -s conftest.o
configure:2614: $? = 0
configure:2626: result: yes
configure:2632: checking whether gcc accepts -g
configure:2650: gcc -c -g  conftest.c >&5
configure:2653: $? = 0
configure:2656: test -s conftest.o
configure:2659: $? = 0
configure:2669: result: yes
configure:2686: checking for gcc option to accept ANSI C
configure:2743: gcc  -c -g -O2  conftest.c >&5
configure:2746: $? = 0
configure:2749: test -s conftest.o
configure:2752: $? = 0
configure:2769: result: none needed
configure:2787: gcc -c -g -O2  conftest.c >&5
conftest.c:2:3: error: unknown type name 'choke'
   choke me
   ^
conftest.c:2:3: error: expected '=', ',', ';', 'asm' or '__attribute__' at end of input
configure:2790: $? = 1
configure: failed program was:
#ifndef __cplusplus
  choke me
#endif
configure:2893: checking for c++
configure:2922: result: no
configure:2893: checking for g++
configure:2922: result: no
configure:2893: checking for gcc
configure:2909: found /usr/bin/gcc
configure:2919: result: gcc
configure:3032: checking for C++ compiler version
configure:3035: gcc --version </dev/null >&5
gcc (GCC) 4.8.5 20150623 (Red Hat 4.8.5-16)
Copyright (C) 2015 Free Software Foundation, Inc.
This is free software; see the source for copying conditions.  There is NO
warranty; not even for MERCHANTABILITY or FITNESS FOR A PARTICULAR PURPOSE.

configure:3038: $? = 0
configure:3040: gcc -v </dev/null >&5
Using built-in specs.
COLLECT_GCC=gcc
COLLECT_LTO_WRAPPER=/usr/libexec/gcc/x86_64-redhat-linux/4.8.5/lto-wrapper
Target: x86_64-redhat-linux
Configured with: ../configure --prefix=/usr --mandir=/usr/share/man --infodir=/usr/share/info --with-bugurl=http://bugzilla.redhat.com/bugzilla --enable-bootstrap --enable-shared --enable-threads=posix --enable-checking=release --with-system-zlib --enable-__cxa_atexit --disable-libunwind-exceptions --enable-gnu-unique-object --enable-linker-build-id --with-linker-hash-style=gnu --enable-languages=c,c++,objc,obj-c++,java,fortran,ada,go,lto --enable-plugin --enable-initfini-array --disable-libgcj --with-isl=/builddir/build/BUILD/gcc-4.8.5-20150702/obj-x86_64-redhat-linux/isl-install --with-cloog=/builddir/build/BUILD/gcc-4.8.5-20150702/obj-x86_64-redhat-linux/cloog-install --enable-gnu-indirect-function --with-tune=generic --with-arch_32=x86-64 --build=x86_64-redhat-linux
Thread model: posix
gcc version 4.8.5 20150623 (Red Hat 4.8.5-16) (GCC) 
configure:3043: $? = 0
configure:3045: gcc -V </dev/null >&5
gcc: error: unrecognized command line option '-V'
gcc: fatal error: no input files
compilation terminated.
configure:3048: $? = 4
configure:3051: checking whether we are using the GNU C++ compiler
configure:3072: gcc -c   conftest.cc >&5
gcc: error trying to exec 'cc1plus': execvp: No such file or directory
configure:3075: $? = 1
configure: failed program was:
#line 3056 "configure"
#include "confdefs.h"

int
main ()
{
#ifndef __GNUC__
       choke me
#endif

  ;
  return 0;
}
configure:3093: result: no
configure:3099: checking whether gcc accepts -g
configure:3117: gcc -c -g  conftest.cc >&5
gcc: error trying to exec 'cc1plus': execvp: No such file or directory
configure:3120: $? = 1
configure: failed program was:
#line 3104 "configure"
#include "confdefs.h"

int
main ()
{

  ;
  return 0;
}
configure:3136: result: no
configure:3176: gcc -c   conftest.cc >&5
gcc: error trying to exec 'cc1plus': execvp: No such file or directory
configure:3179: $? = 1
configure: failed program was:
#line 3162 "configure"
#include "confdefs.h"
#include <stdlib.h>

int
main ()
{
exit (42);
  ;
  return 0;
}
configure:3176: gcc -c   conftest.cc >&5
gcc: error trying to exec 'cc1plus': execvp: No such file or directory
configure:3179: $? = 1
configure: failed program was:
#line 3162 "configure"
#include "confdefs.h"
#include <stdlib.h>
#include <stdlib.h>
int
main ()
{
exit (42);
  ;
  return 0;
}
configure:3176: gcc -c   conftest.cc >&5
gcc: error trying to exec 'cc1plus': execvp: No such file or directory
configure:3179: $? = 1
configure: failed program was:
#line 3162 "configure"
#include "confdefs.h"
#include <stdlib.h>
extern "C" void std::exit (int) throw (); using std::exit;
int
main ()
{
exit (42);
  ;
  return 0;
}
configure:3176: gcc -c   conftest.cc >&5
gcc: error trying to exec 'cc1plus': execvp: No such file or directory
configure:3179: $? = 1
configure: failed program was:
#line 3162 "configure"
#include "confdefs.h"
#include <stdlib.h>
extern "C" void std::exit (int); using std::exit;
int
main ()
{
exit (42);
  ;
  return 0;
}
configure:3176: gcc -c   conftest.cc >&5
gcc: error trying to exec 'cc1plus': execvp: No such file or directory
configure:3179: $? = 1
configure: failed program was:
#line 3162 "configure"
#include "confdefs.h"
#include <stdlib.h>
extern "C" void exit (int) throw ();
int
main ()
{
exit (42);
  ;
  return 0;
}
configure:3176: gcc -c   conftest.cc >&5
gcc: error trying to exec 'cc1plus': execvp: No such file or directory
configure:3179: $? = 1
configure: failed program was:
#line 3162 "configure"
#include "confdefs.h"
#include <stdlib.h>
extern "C" void exit (int);
int
main ()
{
exit (42);
  ;
  return 0;
}
configure:3176: gcc -c   conftest.cc >&5
gcc: error trying to exec 'cc1plus': execvp: No such file or directory
configure:3179: $? = 1
configure: failed program was:
#line 3162 "configure"
#include "confdefs.h"
#include <stdlib.h>
void exit (int);
int
main ()
{
exit (42);
  ;
  return 0;
}
configure:3252: gcc -c   conftest.cc >&5
gcc: error trying to exec 'cc1plus': execvp: No such file or directory
configure:3255: $? = 1
configure: failed program was:
#line 3239 "configure"
#include "confdefs.h"

int
main ()
{
class a { int b; } c;
  ;
  return 0;
}
configure:3290: checking for gcc option to accept ANSI C
configure:3349: gcc  -c -g -O2  conftest.c >&5
configure:3352: $? = 0
configure:3355: test -s conftest.o
configure:3358: $? = 0
configure:3372: result: none needed
configure:3395: checking for a BSD-compatible install
configure:3449: result: /usr/bin/install -c
configure:3468: checking for special C compiler options needed for large files
configure:3542: result: no
configure:3548: checking for _FILE_OFFSET_BITS value needed for large files
configure:3576: gcc -c -g -O2  conftest.c >&5
configure:3579: $? = 0
configure:3582: test -s conftest.o
configure:3585: $? = 0
configure:3635: result: no
configure:3645: checking for _LARGE_FILES value needed for large files
configure:3673: gcc -c -g -O2  conftest.c >&5
configure:3676: $? = 0
configure:3679: test -s conftest.o
configure:3682: $? = 0
configure:3732: result: no
configure:3750: checking for pkg-config
configure:3768: found /usr/bin/pkg-config
configure:3781: result: /usr/bin/pkg-config
configure:3870: checking for gawk
configure:3886: found /usr/bin/gawk
configure:3896: result: gawk
configure:3910: checking for perl5
configure:3939: result: no
configure:3910: checking for perl
configure:3926: found /usr/bin/perl
configure:3936: result: perl
configure:3949: checking for indent
configure:3978: result: no
configure:3996: checking for perl
configure:4014: found /usr/bin/perl
configure:4026: result: /usr/bin/perl
configure:4052: checking for iconv_open
configure:4089: gcc -o conftest -g -O2   conftest.c  >&5
configure:4092: $? = 0
configure:4095: test -s conftest
configure:4098: $? = 0
configure:4108: result: yes
configure:4452: checking for ranlib
configure:4468: found /usr/bin/ranlib
configure:4479: result: ranlib
configure:4496: checking how to run the C preprocessor
configure:4522: gcc -E  conftest.c
configure:4528: $? = 0
configure:4555: gcc -E  conftest.c
configure:4551:28: fatal error: ac_nonexistent.h: No such file or directory
 #line $LINENO "configure"
                            ^
compilation terminated.
configure:4561: $? = 1
configure: failed program was:
#line 4550 "configure"
#include "confdefs.h"
#include <ac_nonexistent.h>
configure:4598: result: gcc -E
configure:4613: gcc -E  conftest.c
configure:4619: $? = 0
configure:4646: gcc -E  conftest.c
configure:4642:28: fatal error: ac_nonexistent.h: No such file or directory
 #line $LINENO "configure"
                            ^
compilation terminated.
configure:4652: $? = 1
configure: failed program was:
#line 4641 "configure"
#include "confdefs.h"
#include <ac_nonexistent.h>
configure:4692: checking for egrep
configure:4702: result: grep -E
configure:4707: checking for ANSI C header files
configure:4721: gcc -E  conftest.c
configure:4727: $? = 0
configure:4814: gcc -o conftest -g -O2   conftest.c  >&5
configure: In function 'main':
configure:4805:7: warning: incompatible implicit declaration of built-in function 'exit' [enabled by default]
   int i;
       ^
configure:4817: $? = 0
configure:4819: ./conftest
configure:4822: $? = 0
configure:4836: result: yes
configure:4846: checking for an ANSI C-conforming const
configure:4910: gcc -c -g -O2  conftest.c >&5
configure:4913: $? = 0
configure:4916: test -s conftest.o
configure:4919: $? = 0
configure:4929: result: yes
configure:4939: checking for inline
configure:4957: gcc -c -g -O2  conftest.c >&5
configure:4960: $? = 0
configure:4963: test -s conftest.o
configure:4966: $? = 0
configure:4977: result: inline
configure:5006: checking for sys/types.h
configure:5019: gcc -c -g -O2  conftest.c >&5
configure:5022: $? = 0
configure:5025: test -s conftest.o
configure:5028: $? = 0
configure:5038: result: yes
configure:5006: checking for sys/stat.h
configure:5019: gcc -c -g -O2  conftest.c >&5
configure:5022: $? = 0
configure:5025: test -s conftest.o
configure:5028: $? = 0
configure:5038: result: yes
configure:5006: checking for stdlib.h
configure:5019: gcc -c -g -O2  conftest.c >&5
configure:5022: $? = 0
configure:5025: test -s conftest.o
configure:5028: $? = 0
configure:5038: result: yes
configure:5006: checking for string.h
configure:5019: gcc -c -g -O2  conftest.c >&5
configure:5022: $? = 0
configure:5025: test -s conftest.o
configure:5028: $? = 0
configure:5038: result: yes
configure:5006: checking for memory.h
configure:5019: gcc -c -g -O2  conftest.c >&5
configure:5022: $? = 0
configure:5025: test -s conftest.o
configure:5028: $? = 0
configure:5038: result: yes
configure:5006: checking for strings.h
configure:5019: gcc -c -g -O2  conftest.c >&5
configure:5022: $? = 0
configure:5025: test -s conftest.o
configure:5028: $? = 0
configure:5038: result: yes
configure:5006: checking for inttypes.h
configure:5019: gcc -c -g -O2  conftest.c >&5
configure:5022: $? = 0
configure:5025: test -s conftest.o
configure:5028: $? = 0
configure:5038: result: yes
configure:5006: checking for stdint.h
configure:5019: gcc -c -g -O2  conftest.c >&5
configure:5022: $? = 0
configure:5025: test -s conftest.o
configure:5028: $? = 0
configure:5038: result: yes
configure:5006: checking for unistd.h
configure:5019: gcc -c -g -O2  conftest.c >&5
configure:5022: $? = 0
configure:5025: test -s conftest.o
configure:5028: $? = 0
configure:5038: result: yes
configure:5050: checking for off_t
configure:5071: gcc -c -g -O2  conftest.c >&5
configure:5074: $? = 0
configure:5077: test -s conftest.o
configure:5080: $? = 0
configure:5090: result: yes
configure:5102: checking for size_t
configure:5123: gcc -c -g -O2  conftest.c >&5
configure:5126: $? = 0
configure:5129: test -s conftest.o
configure:5132: $? = 0
configure:5142: result: yes
configure:5156: checking for working alloca.h
configure:5174: gcc -o conftest -g -O2   conftest.c  >&5
configure:5177: $? = 0
configure:5180: test -s conftest
configure:5183: $? = 0
configure:5193: result: yes
configure:5203: checking for alloca
configure:5241: gcc -o conftest -g -O2   conftest.c  >&5
configure:5244: $? = 0
configure:5247: test -s conftest
configure:5250: $? = 0
configure:5260: result: yes
configure:5450: checking for stdlib.h
configure:5455: result: yes
configure:5450: checking for unistd.h
configure:5455: result: yes
configure:5563: checking for getpagesize
configure:5600: gcc -o conftest -g -O2   conftest.c  >&5
configure:5603: $? = 0
configure:5606: test -s conftest
configure:5609: $? = 0
configure:5619: result: yes
configure:5629: checking for working mmap
configure:5768: gcc -o conftest -g -O2   conftest.c  >&5
configure: In function 'main':
configure:5773:25: warning: cast from pointer to integer of different size [-Wpointer-to-int-cast]
   { (eval echo "$as_me:$LINENO: \"$ac_try\"") >&5
                         ^
configure:5771: $? = 0
configure:5773: ./conftest
configure:5776: $? = 0
configure:5789: result: yes
configure:5823: checking argz.h usability
configure:5832: gcc -c -g -O2  conftest.c >&5
configure:5835: $? = 0
configure:5838: test -s conftest.o
configure:5841: $? = 0
configure:5850: result: yes
configure:5854: checking argz.h presence
configure:5861: gcc -E  conftest.c
configure:5867: $? = 0
configure:5885: result: yes
configure:5903: checking for argz.h
configure:5910: result: yes
configure:5823: checking limits.h usability
configure:5832: gcc -c -g -O2  conftest.c >&5
configure:5835: $? = 0
configure:5838: test -s conftest.o
configure:5841: $? = 0
configure:5850: result: yes
configure:5854: checking limits.h presence
configure:5861: gcc -E  conftest.c
configure:5867: $? = 0
configure:5885: result: yes
configure:5903: checking for limits.h
configure:5910: result: yes
configure:5823: checking locale.h usability
configure:5832: gcc -c -g -O2  conftest.c >&5
configure:5835: $? = 0
configure:5838: test -s conftest.o
configure:5841: $? = 0
configure:5850: result: yes
configure:5854: checking locale.h presence
configure:5861: gcc -E  conftest.c
configure:5867: $? = 0
configure:5885: result: yes
configure:5903: checking for locale.h
configure:5910: result: yes
configure:5823: checking nl_types.h usability
configure:5832: gcc -c -g -O2  conftest.c >&5
configure:5835: $? = 0
configure:5838: test -s conftest.o
configure:5841: $? = 0
configure:5850: result: yes
configure:5854: checking nl_types.h presence
configure:5861: gcc -E  conftest.c
configure:5867: $? = 0
configure:5885: result: yes
configure:5903: checking for nl_types.h
configure:5910: result: yes
configure:5823: checking malloc.h usability
configure:5832: gcc -c -g -O2  conftest.c >&5
configure:5835: $? = 0
configure:5838: test -s conftest.o
configure:5841: $? = 0
configure:5850: result: yes
configure:5854: checking malloc.h presence
configure:5861: gcc -E  conftest.c
configure:5867: $? = 0
configure:5885: result: yes
configure:5903: checking for malloc.h
configure:5910: result: yes
configure:5814: checking for string.h
configure:5819: result: yes
configure:5814: checking for unistd.h
configure:5819: result: yes
configure:5823: checking sys/param.h usability
configure:5832: gcc -c -g -O2  conftest.c >&5
configure:5835: $? = 0
configure:5838: test -s conftest.o
configure:5841: $? = 0
configure:5850: result: yes
configure:5854: checking sys/param.h presence
configure:5861: gcc -E  conftest.c
configure:5867: $? = 0
configure:5885: result: yes
configure:5903: checking for sys/param.h
configure:5910: result: yes
configure:5938: checking for getcwd
configure:5975: gcc -o conftest -g -O2   conftest.c  >&5
configure:5978: $? = 0
configure:5981: test -s conftest
configure:5984: $? = 0
configure:5994: result: yes
configure:5938: checking for munmap
configure:5975: gcc -o conftest -g -O2   conftest.c  >&5
configure:5978: $? = 0
configure:5981: test -s conftest
configure:5984: $? = 0
configure:5994: result: yes
configure:5938: checking for putenv
configure:5975: gcc -o conftest -g -O2   conftest.c  >&5
configure:5978: $? = 0
configure:5981: test -s conftest
configure:5984: $? = 0
configure:5994: result: yes
configure:5938: checking for setenv
configure:5975: gcc -o conftest -g -O2   conftest.c  >&5
configure:5978: $? = 0
configure:5981: test -s conftest
configure:5984: $? = 0
configure:5994: result: yes
configure:5938: checking for setlocale
configure:5975: gcc -o conftest -g -O2   conftest.c  >&5
configure:5978: $? = 0
configure:5981: test -s conftest
configure:5984: $? = 0
configure:5994: result: yes
configure:5938: checking for strchr
configure:5975: gcc -o conftest -g -O2   conftest.c  >&5
configure:5953:6: warning: conflicting types for built-in function 'strchr' [enabled by default]
 /* We use char because int might match the return type of a gcc2
      ^
configure:5978: $? = 0
configure:5981: test -s conftest
configure:5984: $? = 0
configure:5994: result: yes
configure:5938: checking for strcasecmp
configure:5975: gcc -o conftest -g -O2   conftest.c  >&5
configure:5953:6: warning: conflicting types for built-in function 'strcasecmp' [enabled by default]
 /* We use char because int might match the return type of a gcc2
      ^
configure:5978: $? = 0
configure:5981: test -s conftest
configure:5984: $? = 0
configure:5994: result: yes
configure:5938: checking for strdup
configure:5975: gcc -o conftest -g -O2   conftest.c  >&5
configure:5953:6: warning: conflicting types for built-in function 'strdup' [enabled by default]
 /* We use char because int might match the return type of a gcc2
      ^
configure:5978: $? = 0
configure:5981: test -s conftest
configure:5984: $? = 0
configure:5994: result: yes
configure:5938: checking for __argz_count
configure:5975: gcc -o conftest -g -O2   conftest.c  >&5
configure:5978: $? = 0
configure:5981: test -s conftest
configure:5984: $? = 0
configure:5994: result: yes
configure:5938: checking for __argz_stringify
configure:5975: gcc -o conftest -g -O2   conftest.c  >&5
configure:5978: $? = 0
configure:5981: test -s conftest
configure:5984: $? = 0
configure:5994: result: yes
configure:5938: checking for __argz_next
configure:5975: gcc -o conftest -g -O2   conftest.c  >&5
configure:5978: $? = 0
configure:5981: test -s conftest
configure:5984: $? = 0
configure:5994: result: yes
configure:6006: checking for LC_MESSAGES
configure:6024: gcc -o conftest -g -O2   conftest.c  >&5
configure:6027: $? = 0
configure:6030: test -s conftest
configure:6033: $? = 0
configure:6043: result: yes
configure:6075: checking libintl.h usability
configure:6084: gcc -c -g -O2  conftest.c >&5
configure:6087: $? = 0
configure:6090: test -s conftest.o
configure:6093: $? = 0
configure:6102: result: yes
configure:6106: checking libintl.h presence
configure:6113: gcc -E  conftest.c
configure:6119: $? = 0
configure:6137: result: yes
configure:6155: checking for libintl.h
configure:6162: result: yes
configure:6167: checking for dgettext in libc
configure:6185: gcc -o conftest -g -O2   conftest.c  >&5
configure: In function 'main':
configure:6177:8: warning: cast from pointer to integer of different size [-Wpointer-to-int-cast]
 main ()
        ^
configure:6188: $? = 0
configure:6191: test -s conftest
configure:6194: $? = 0
configure:6204: result: yes
configure:6394: checking for msgfmt
configure:6421: result: /usr/bin/msgfmt
configure:6432: checking for dcgettext
configure:6469: gcc -o conftest -g -O2   conftest.c  >&5
configure:6447:6: warning: conflicting types for built-in function 'dcgettext' [enabled by default]
 /* We use char because int might match the return type of a gcc2
      ^
configure:6472: $? = 0
configure:6475: test -s conftest
configure:6478: $? = 0
configure:6488: result: yes
configure:6500: checking for gmsgfmt
configure:6531: result: /usr/bin/msgfmt
configure:6540: checking for xgettext
configure:6567: result: /usr/bin/xgettext
configure:6588: gcc -o conftest -g -O2   conftest.c  >&5
configure:6591: $? = 0
configure:6594: test -s conftest
configure:6597: $? = 0
configure:6675: checking for catalogs to be installed
configure:6684: result:  ar az be bg ca cs de el es eu fr gl ja ko ms nl nn no pl pt pt_BR ro ru sk sl sv ta tr uk vi zh_CN zh_TW
configure:6866: checking for bind_textdomain_codeset
configure:6903: gcc -o conftest -g -O2   conftest.c   >&5
configure:6906: $? = 0
configure:6909: test -s conftest
configure:6912: $? = 0
configure:6922: result: yes
configure:7046: checking for ld used by GCC
configure:7109: result: /usr/bin/ld
configure:7118: checking if the linker (/usr/bin/ld) is GNU ld
GNU ld version 2.25.1-22.base.el7 
configure:7130: result: yes
configure:7135: checking for /usr/bin/ld option to reload object files
configure:7142: result: -r
configure:7147: checking for BSD-compatible nm
configure:7183: result: /usr/bin/nm -B
configure:7186: checking for a sed that does not truncate output
configure:7268: result: /usr/bin/sed
configure:7271: checking whether ln -s works
configure:7275: result: yes
configure:7282: checking how to recognise dependent libraries
configure:7463: result: pass_all
configure:7474: checking command to parse /usr/bin/nm -B output
configure:7558: gcc -c -g -O2  conftest.c >&5
configure:7561: $? = 0
configure:7565: /usr/bin/nm -B conftest.o \| sed -n -e 's/^.*[ 	]\([ABCDGIRSTW][ABCDGIRSTW]*\)[ 	][ 	]*\(\)\([_A-Za-z][_A-Za-z0-9]*\)$/\1 \2\3 \3/p' \> conftest.nm
configure:7568: $? = 0
configure:7620: gcc -o conftest -g -O2   conftest.c conftstm.o >&5
configure:7623: $? = 0
configure:7667: result: ok
configure:7685: checking dlfcn.h usability
configure:7694: gcc -c -g -O2  conftest.c >&5
configure:7697: $? = 0
configure:7700: test -s conftest.o
configure:7703: $? = 0
configure:7712: result: yes
configure:7716: checking dlfcn.h presence
configure:7723: gcc -E  conftest.c
configure:7729: $? = 0
configure:7747: result: yes
configure:7765: checking for dlfcn.h
configure:7772: result: yes
configure:7970: checking for ranlib
configure:7997: result: ranlib
configure:8050: checking for strip
configure:8066: found /usr/bin/strip
configure:8077: result: strip
configure:8282: checking for objdir
configure:8293: result: .libs
configure:8310: checking for gcc option to produce PIC
configure:8456: result: -fPIC
configure:8460: checking if gcc PIC flag -fPIC works
configure:8480: gcc -c -g -O2 -fPIC -DPIC  conftest.c >&5
configure:8483: $? = 0
configure:8486: test -s conftest.o
configure:8489: $? = 0
configure:8526: result: yes
configure:8542: checking if gcc static flag -static works
configure:8563: gcc -o conftest -g -O2   -static conftest.c   >&5
/usr/bin/ld: cannot find -lc
collect2: error: ld returned 1 exit status
configure:8566: $? = 1
configure: failed program was:
#line 8550 "configure"
#include "confdefs.h"

int
main ()
{

  ;
  return 0;
}
configure:8587: result: no
configure:8599: checking if gcc supports -c -o file.o
configure:8619: gcc -c -g -O2 -o out/conftest2.o  conftest.c >&5
configure:8643: result: yes
configure:8648: checking if gcc supports -c -o file.lo
configure:8672: gcc -c -g -O2 -c -o conftest.lo  conftest.c >&5
configure:8675: $? = 0
configure:8678: test -s conftest.lo
configure:8681: $? = 0
configure:8702: result: yes
configure:8733: checking if gcc supports -fno-rtti -fno-exceptions
configure:8752: gcc -c -g -O2 -fno-rtti -fno-exceptions -c conftest.c  conftest.c >&5
cc1: warning: command line option '-fno-rtti' is valid for C++/ObjC++ but not for C [enabled by default]
cc1: warning: command line option '-fno-rtti' is valid for C++/ObjC++ but not for C [enabled by default]
configure:8755: $? = 0
configure:8758: test -s conftest.o
configure:8761: $? = 0
configure:8777: result: yes
configure:8788: checking whether the linker (/usr/bin/ld) supports shared libraries
configure:9495: result: yes
configure:9500: checking how to hardcode library paths into programs
configure:9524: result: immediate
configure:9529: checking whether stripping libraries is possible
configure:9534: result: yes
configure:9545: checking dynamic linker characteristics
configure:9806: gcc -c -g -O2  conftest.c >&5
configure:9809: $? = 0
configure:9976: result: GNU/Linux ld.so
configure:9981: checking if libtool supports shared libraries
configure:9983: result: yes
configure:9986: checking whether to build shared libraries
configure:10007: result: yes
configure:10010: checking whether to build static libraries
configure:10014: result: no
configure:10640: checking whether -lc should be explicitly linked in
configure:10648: gcc -c -g -O2  conftest.c >&5
configure:10651: $? = 0
configure:10665: gcc -shared conftest.o  -v -Wl,-soname -Wl,conftest -o conftest 2\>\&1 \| grep  -lc  \>/dev/null 2\>\&1
configure:10668: $? = 0
configure:10681: result: no
configure:11274: checking for extra flags to get ANSI library prototypes
configure:11290: gcc -o conftest -g -O2 -Wall   conftest.c   -lm >&5
configure:11293: $? = 0
configure:11295: ./conftest
configure:11298: $? = 0
configure:11300: result: none needed
configure:11353: checking for extra flags for POSIX compliance
configure:11368: gcc -c -g -O2 -Wall  conftest.c >&5
configure: In function 'main':
configure:11360:6: warning: unused variable 'dir' [-Wunused-variable]
 main ()
      ^
configure:11371: $? = 0
configure:11374: test -s conftest.o
configure:11377: $? = 0
configure:11379: result: none needed
configure:11426: checking for ANSI C header files
configure:11555: result: yes
configure:11571: checking for vprintf
configure:11608: gcc -o conftest -g -O2 -Wall   conftest.c   >&5
configure:11586:6: warning: conflicting types for built-in function 'vprintf' [enabled by default]
 /* We use char because int might match the return type of a gcc2
      ^
configure:11611: $? = 0
configure:11614: test -s conftest
configure:11617: $? = 0
configure:11627: result: yes
configure:11634: checking for _doprnt
configure:11671: gcc -o conftest -g -O2 -Wall   conftest.c   >&5
/tmp/ccLzuzFG.o: In function `main':
/home/general/cn_proc/glib-2.0.7/configure:11661: undefined reference to `_doprnt'
collect2: error: ld returned 1 exit status
configure:11674: $? = 1
configure: failed program was:
#line 11639 "configure"
#include "confdefs.h"
/* System header to define __stub macros and hopefully few prototypes,
    which can conflict with char _doprnt (); below.  */
#include <assert.h>
/* Override any gcc2 internal prototype to avoid an error.  */
#ifdef __cplusplus
extern "C"
#endif
/* We use char because int might match the return type of a gcc2
   builtin and then its argument prototype would still apply.  */
char _doprnt ();
char (*f) ();

int
main ()
{
/* The GNU C library defines this for functions which it implements
    to always fail with ENOSYS.  Some functions are actually named
    something starting with __ and the normal name is an alias.  */
#if defined (__stub__doprnt) || defined (__stub____doprnt)
choke me
#else
f = _doprnt;
#endif

  ;
  return 0;
}
configure:11690: result: no
configure:11707: checking for working alloca.h
configure:11744: result: yes
configure:11754: checking for alloca
configure:11811: result: yes
configure:12001: checking for atexit
configure:12038: gcc -o conftest -g -O2 -Wall   conftest.c   >&5
configure:12041: $? = 0
configure:12044: test -s conftest
configure:12047: $? = 0
configure:12057: result: yes
configure:12001: checking for on_exit
configure:12038: gcc -o conftest -g -O2 -Wall   conftest.c   >&5
configure:12041: $? = 0
configure:12044: test -s conftest
configure:12047: $? = 0
configure:12057: result: yes
configure:12068: checking for char
configure:12089: gcc -c -g -O2 -Wall  conftest.c >&5
configure:12092: $? = 0
configure:12095: test -s conftest.o
configure:12098: $? = 0
configure:12108: result: yes
configure:12111: checking size of char
configure:12353: gcc -o conftest -g -O2 -Wall   conftest.c   >&5
configure:12356: $? = 0
configure:12358: ./conftest
configure:12361: $? = 0
configure:12381: result: 1
configure:12388: checking for short
configure:12409: gcc -c -g -O2 -Wall  conftest.c >&5
configure:12412: $? = 0
configure:12415: test -s conftest.o
configure:12418: $? = 0
configure:12428: result: yes
configure:12431: checking size of short
configure:12673: gcc -o conftest -g -O2 -Wall   conftest.c   >&5
configure:12676: $? = 0
configure:12678: ./conftest
configure:12681: $? = 0
configure:12701: result: 2
configure:12708: checking for long
configure:12729: gcc -c -g -O2 -Wall  conftest.c >&5
configure:12732: $? = 0
configure:12735: test -s conftest.o
configure:12738: $? = 0
configure:12748: result: yes
configure:12751: checking size of long
configure:12993: gcc -o conftest -g -O2 -Wall   conftest.c   >&5
configure:12996: $? = 0
configure:12998: ./conftest
configure:13001: $? = 0
configure:13021: result: 8
configure:13028: checking for int
configure:13049: gcc -c -g -O2 -Wall  conftest.c >&5
configure:13052: $? = 0
configure:13055: test -s conftest.o
configure:13058: $? = 0
configure:13068: result: yes
configure:13071: checking size of int
configure:13313: gcc -o conftest -g -O2 -Wall   conftest.c   >&5
configure:13316: $? = 0
configure:13318: ./conftest
configure:13321: $? = 0
configure:13341: result: 4
configure:13348: checking for void *
configure:13369: gcc -c -g -O2 -Wall  conftest.c >&5
configure:13372: $? = 0
configure:13375: test -s conftest.o
configure:13378: $? = 0
configure:13388: result: yes
configure:13391: checking size of void *
configure:13633: gcc -o conftest -g -O2 -Wall   conftest.c   >&5
configure:13636: $? = 0
configure:13638: ./conftest
configure:13641: $? = 0
configure:13661: result: 8
configure:13668: checking for long long
configure:13689: gcc -c -g -O2 -Wall  conftest.c >&5
configure:13692: $? = 0
configure:13695: test -s conftest.o
configure:13698: $? = 0
configure:13708: result: yes
configure:13711: checking size of long long
configure:13953: gcc -o conftest -g -O2 -Wall   conftest.c   >&5
configure:13956: $? = 0
configure:13958: ./conftest
configure:13961: $? = 0
configure:13981: result: 8
configure:13988: checking for __int64
configure:14009: gcc -c -g -O2 -Wall  conftest.c >&5
configure: In function 'main':
configure:14031:6: error: '__int64' undeclared (first use in this function)
 echo "$as_me:$LINENO: checking size of __int64" >&5
      ^
configure:14031:6: note: each undeclared identifier is reported only once for each function it appears in
configure:14031:15: error: expected expression before ')' token
 echo "$as_me:$LINENO: checking size of __int64" >&5
               ^
configure:14012: $? = 1
configure: failed program was:
#line 13993 "configure"
#include "confdefs.h"
#include <stdio.h>
#if HAVE_SYS_TYPES_H
# include <sys/types.h>
#endif
#if HAVE_SYS_STAT_H
# include <sys/stat.h>
#endif
#if STDC_HEADERS
# include <stdlib.h>
# include <stddef.h>
#else
# if HAVE_STDLIB_H
#  include <stdlib.h>
# endif
#endif
#if HAVE_STRING_H
# if !STDC_HEADERS && HAVE_MEMORY_H
#  include <memory.h>
# endif
# include <string.h>
#endif
#if HAVE_STRINGS_H
# include <strings.h>
#endif
#if HAVE_INTTYPES_H
# include <inttypes.h>
#else
# if HAVE_STDINT_H
#  include <stdint.h>
# endif
#endif
#if HAVE_UNISTD_H
# include <unistd.h>
#endif
int
main ()
{
if ((__int64 *) 0)
  return 0;
if (sizeof (__int64))
  return 0;
  ;
  return 0;
}
configure:14028: result: no
configure:14031: checking size of __int64
configure:14301: result: 0
configure:14325: checking for format to printf and scanf a gint64
configure:14352: gcc -o conftest -g -O2 -Wall   conftest.c   >&5
configure: In function 'main':
configure:14345:6: warning: implicit declaration of function 'exit' [-Wimplicit-function-declaration]
      sprintf (buffer, "%${format}u", a);
      ^
configure:14345:6: warning: incompatible implicit declaration of built-in function 'exit' [enabled by default]
configure:14355: $? = 0
configure:14357: ./conftest
configure:14360: $? = 0
configure:14375: result: %llu
configure:14391: checking for an ANSI C-conforming const
configure:14474: result: yes
configure:14486: checking if malloc() and friends prototypes are gmem.h compatible
configure:14513: gcc -c -g -O2 -Wall -Werror  conftest.c >&5
configure: In function 'main':
configure:14500:13: error: variable 'my_realloc_p' set but not used [-Werror=unused-but-set-variable]
     void* (*my_malloc_p)  (size_t)         = malloc;
             ^
configure:14499:13: error: variable 'my_free_p' set but not used [-Werror=unused-but-set-variable]
     void* (*my_calloc_p)  (size_t, size_t) = calloc;
             ^
configure:14498:13: error: variable 'my_malloc_p' set but not used [-Werror=unused-but-set-variable]
 
             ^
configure:14497:13: error: variable 'my_calloc_p' set but not used [-Werror=unused-but-set-variable]
 {
             ^
cc1: all warnings being treated as errors
configure:14516: $? = 1
configure: failed program was:
#line 14491 "configure"
#include "confdefs.h"
#include <stdlib.h>
int
main ()
{

    void* (*my_calloc_p)  (size_t, size_t) = calloc;
    void* (*my_malloc_p)  (size_t)         = malloc;
    void  (*my_free_p)    (void*)          = free;
    void* (*my_realloc_p) (void*, size_t)  = realloc;
    my_calloc_p = 0;
    my_malloc_p = 0;
    my_free_p = 0;
    my_realloc_p = 0;

  ;
  return 0;
}
configure:14535: result: no
configure:14539: checking for growing stack pointer
configure:14561: gcc -o conftest -g -O2 -Wall   conftest.c   >&5
configure:14564: $? = 0
configure:14566: ./conftest
configure:14569: $? = 1
configure: program exited with status 1
configure: failed program was:
#line 14550 "configure"
#include "confdefs.h"

	volatile int *a = 0, *b = 0;
	void foo (void);
	int main () { volatile int y = 7; a = &y; foo (); return b > a; }
	void foo (void) { volatile int x = 5; b = &x; }

configure:14585: result: yes
configure:14588: checking for __inline
configure:14608: gcc -o conftest -g -O2 -Wall   conftest.c   >&5
configure:14611: $? = 0
configure:14613: ./conftest
configure:14616: $? = 0
configure:14632: result: yes
configure:14641: checking for __inline__
configure:14661: gcc -o conftest -g -O2 -Wall   conftest.c   >&5
configure:14664: $? = 0
configure:14666: ./conftest
configure:14669: $? = 0
configure:14685: result: yes
configure:14694: checking for inline
configure:14715: gcc -o conftest -g -O2 -Wall   conftest.c   >&5
configure:14718: $? = 0
configure:14720: ./conftest
configure:14723: $? = 0
configure:14739: result: yes
configure:14750: checking for ISO C99 varargs macros in C
configure:14769: gcc -c -g -O2 -Wall  conftest.c >&5
configure:14772: $? = 0
configure:14775: test -s conftest.o
configure:14778: $? = 0
configure:14787: result: yes
configure:14790: checking for ISO C99 varargs macros in C++
configure:14843: result: no
configure:14846: checking for GNUC varargs macros
configure:14865: gcc -c -g -O2 -Wall  conftest.c >&5
configure:14868: $? = 0
configure:14871: test -s conftest.o
configure:14874: $? = 0
configure:14883: result: yes
configure:14887: checking whether byte ordering is bigendian
configure:14911: gcc -c -g -O2 -Wall  conftest.c >&5
configure:14914: $? = 0
configure:14917: test -s conftest.o
configure:14920: $? = 0
configure:14941: gcc -c -g -O2 -Wall  conftest.c >&5
configure: In function 'main':
configure:14931:2: error: unknown type name 'not'
 {
  ^
configure:14931:10: error: expected '=', ',', ';', 'asm' or '__attribute__' before 'endian'
 {
          ^
configure:14944: $? = 1
configure: failed program was:
#line 14923 "configure"
#include "confdefs.h"
#include <sys/types.h>
#include <sys/param.h>

int
main ()
{
#if BYTE_ORDER != BIG_ENDIAN
 not big endian
#endif

  ;
  return 0;
}
configure:15052: result: no
configure:15093: checking dirent.h usability
configure:15102: gcc -c -g -O2 -Wall  conftest.c >&5
configure:15105: $? = 0
configure:15108: test -s conftest.o
configure:15111: $? = 0
configure:15120: result: yes
configure:15124: checking dirent.h presence
configure:15131: gcc -E  conftest.c
configure:15137: $? = 0
configure:15155: result: yes
configure:15173: checking for dirent.h
configure:15180: result: yes
configure:15093: checking float.h usability
configure:15102: gcc -c -g -O2 -Wall  conftest.c >&5
configure:15105: $? = 0
configure:15108: test -s conftest.o
configure:15111: $? = 0
configure:15120: result: yes
configure:15124: checking float.h presence
configure:15131: gcc -E  conftest.c
configure:15137: $? = 0
configure:15155: result: yes
configure:15173: checking for float.h
configure:15180: result: yes
configure:15084: checking for limits.h
configure:15089: result: yes
configure:15093: checking pwd.h usability
configure:15102: gcc -c -g -O2 -Wall  conftest.c >&5
configure:15105: $? = 0
configure:15108: test -s conftest.o
configure:15111: $? = 0
configure:15120: result: yes
configure:15124: checking pwd.h presence
configure:15131: gcc -E  conftest.c
configure:15137: $? = 0
configure:15155: result: yes
configure:15173: checking for pwd.h
configure:15180: result: yes
configure:15084: checking for sys/param.h
configure:15089: result: yes
configure:15093: checking sys/poll.h usability
configure:15102: gcc -c -g -O2 -Wall  conftest.c >&5
configure:15105: $? = 0
configure:15108: test -s conftest.o
configure:15111: $? = 0
configure:15120: result: yes
configure:15124: checking sys/poll.h presence
configure:15131: gcc -E  conftest.c
configure:15137: $? = 0
configure:15155: result: yes
configure:15173: checking for sys/poll.h
configure:15180: result: yes
configure:15093: checking sys/select.h usability
configure:15102: gcc -c -g -O2 -Wall  conftest.c >&5
configure:15105: $? = 0
configure:15108: test -s conftest.o
configure:15111: $? = 0
configure:15120: result: yes
configure:15124: checking sys/select.h presence
configure:15131: gcc -E  conftest.c
configure:15137: $? = 0
configure:15155: result: yes
configure:15173: checking for sys/select.h
configure:15180: result: yes
configure:15212: checking sys/time.h usability
configure:15221: gcc -c -g -O2 -Wall  conftest.c >&5
configure:15224: $? = 0
configure:15227: test -s conftest.o
configure:15230: $? = 0
configure:15239: result: yes
configure:15243: checking sys/time.h presence
configure:15250: gcc -E  conftest.c
configure:15256: $? = 0
configure:15274: result: yes
configure:15292: checking for sys/time.h
configure:15299: result: yes
configure:15212: checking sys/times.h usability
configure:15221: gcc -c -g -O2 -Wall  conftest.c >&5
configure:15224: $? = 0
configure:15227: test -s conftest.o
configure:15230: $? = 0
configure:15239: result: yes
configure:15243: checking sys/times.h presence
configure:15250: gcc -E  conftest.c
configure:15256: $? = 0
configure:15274: result: yes
configure:15292: checking for sys/times.h
configure:15299: result: yes
configure:15203: checking for unistd.h
configure:15208: result: yes
configure:15212: checking values.h usability
configure:15221: gcc -c -g -O2 -Wall  conftest.c >&5
configure:15224: $? = 0
configure:15227: test -s conftest.o
configure:15230: $? = 0
configure:15239: result: yes
configure:15243: checking values.h presence
configure:15250: gcc -E  conftest.c
configure:15256: $? = 0
configure:15274: result: yes
configure:15292: checking for values.h
configure:15299: result: yes
configure:15203: checking for stdint.h
configure:15208: result: yes
configure:15212: checking sched.h usability
configure:15221: gcc -c -g -O2 -Wall  conftest.c >&5
configure:15224: $? = 0
configure:15227: test -s conftest.o
configure:15230: $? = 0
configure:15239: result: yes
configure:15243: checking sched.h presence
configure:15250: gcc -E  conftest.c
configure:15256: $? = 0
configure:15274: result: yes
configure:15292: checking for sched.h
configure:15299: result: yes
configure:15329: checking langinfo.h usability
configure:15338: gcc -c -g -O2 -Wall  conftest.c >&5
configure:15341: $? = 0
configure:15344: test -s conftest.o
configure:15347: $? = 0
configure:15356: result: yes
configure:15360: checking langinfo.h presence
configure:15367: gcc -E  conftest.c
configure:15373: $? = 0
configure:15391: result: yes
configure:15409: checking for langinfo.h
configure:15416: result: yes
configure:15433: checking for nl_langinfo
configure:15470: gcc -o conftest -g -O2 -Wall   conftest.c   >&5
configure:15473: $? = 0
configure:15476: test -s conftest
configure:15479: $? = 0
configure:15489: result: yes
configure:15500: checking for nl_langinfo and CODESET
configure:15518: gcc -o conftest -g -O2 -Wall   conftest.c   >&5
configure: In function 'main':
configure:15510:7: warning: unused variable 'cs' [-Wunused-variable]
 main ()
       ^
configure:15521: $? = 0
configure:15524: test -s conftest
configure:15527: $? = 0
configure:15538: result: yes
configure:15549: checking whether we are using the GNU C Library 2.1 or newer
configure:15577: result: yes
configure:15599: checking stddef.h usability
configure:15608: gcc -c -g -O2 -Wall  conftest.c >&5
configure:15611: $? = 0
configure:15614: test -s conftest.o
configure:15617: $? = 0
configure:15626: result: yes
configure:15630: checking stddef.h presence
configure:15637: gcc -E  conftest.c
configure:15643: $? = 0
configure:15661: result: yes
configure:15679: checking for stddef.h
configure:15686: result: yes
configure:15590: checking for stdlib.h
configure:15595: result: yes
configure:15590: checking for string.h
configure:15595: result: yes
configure:15703: checking for setlocale
configure:15759: result: yes
configure:15770: checking whether make is GNU Make
configure:15777: result: yes
configure:15805: checking size of size_t
configure:15833: gcc -o conftest -g -O2 -Wall   conftest.c   >&5
configure:15831:1: warning: return type defaults to 'int' [-Wreturn-type]
 _ACEOF
 ^
configure: In function 'main':
configure:15835:3: warning: format '%d' expects argument of type 'int', but argument 3 has type 'long unsigned int' [-Wformat=]
   ac_status=$?
   ^
configure:15836: $? = 0
configure:15838: ./conftest
configure:15841: $? = 0
configure:15854: result: 8
configure:15862: checking size of ptrdiff_t
configure:15890: gcc -o conftest -g -O2 -Wall   conftest.c   >&5
configure:15888:1: warning: return type defaults to 'int' [-Wreturn-type]
 _ACEOF
 ^
configure: In function 'main':
configure:15892:3: warning: format '%d' expects argument of type 'int', but argument 3 has type 'long unsigned int' [-Wformat=]
   ac_status=$?
   ^
configure:15893: $? = 0
configure:15895: ./conftest
configure:15898: $? = 0
configure:15911: result: 8
configure:15919: checking size of intmax_t
configure:15947: gcc -o conftest -g -O2 -Wall   conftest.c   >&5
configure:15945:1: warning: return type defaults to 'int' [-Wreturn-type]
 _ACEOF
 ^
configure: In function 'main':
configure:15949:3: warning: format '%d' expects argument of type 'int', but argument 3 has type 'long unsigned int' [-Wformat=]
   ac_status=$?
   ^
configure:15950: $? = 0
configure:15952: ./conftest
configure:15955: $? = 0
configure:15968: result: 8
configure:15977: checking for the appropriate definition for size_t
configure:16070: result: unsigned long
configure:16092: checking for lstat
configure:16129: gcc -o conftest -g -O2 -Wall   conftest.c   >&5
configure:16132: $? = 0
configure:16135: test -s conftest
configure:16138: $? = 0
configure:16148: result: yes
configure:16092: checking for strerror
configure:16129: gcc -o conftest -g -O2 -Wall   conftest.c   >&5
configure:16132: $? = 0
configure:16135: test -s conftest
configure:16138: $? = 0
configure:16148: result: yes
configure:16092: checking for strsignal
configure:16129: gcc -o conftest -g -O2 -Wall   conftest.c   >&5
configure:16132: $? = 0
configure:16135: test -s conftest
configure:16138: $? = 0
configure:16148: result: yes
configure:16092: checking for memmove
configure:16129: gcc -o conftest -g -O2 -Wall   conftest.c   >&5
configure:16107:6: warning: conflicting types for built-in function 'memmove' [enabled by default]
 /* We use char because int might match the return type of a gcc2
      ^
configure:16132: $? = 0
configure:16135: test -s conftest
configure:16138: $? = 0
configure:16148: result: yes
configure:16092: checking for mkstemp
configure:16129: gcc -o conftest -g -O2 -Wall   conftest.c   >&5
configure:16132: $? = 0
configure:16135: test -s conftest
configure:16138: $? = 0
configure:16148: result: yes
configure:16092: checking for vsnprintf
configure:16129: gcc -o conftest -g -O2 -Wall   conftest.c   >&5
configure:16107:6: warning: conflicting types for built-in function 'vsnprintf' [enabled by default]
 /* We use char because int might match the return type of a gcc2
      ^
configure:16132: $? = 0
configure:16135: test -s conftest
configure:16138: $? = 0
configure:16148: result: yes
configure:16092: checking for stpcpy
configure:16129: gcc -o conftest -g -O2 -Wall   conftest.c   >&5
configure:16107:6: warning: conflicting types for built-in function 'stpcpy' [enabled by default]
 /* We use char because int might match the return type of a gcc2
      ^
configure:16132: $? = 0
configure:16135: test -s conftest
configure:16138: $? = 0
configure:16148: result: yes
configure:16092: checking for strcasecmp
configure:16148: result: yes
configure:16092: checking for strncasecmp
configure:16129: gcc -o conftest -g -O2 -Wall   conftest.c   >&5
configure:16107:6: warning: conflicting types for built-in function 'strncasecmp' [enabled by default]
 /* We use char because int might match the return type of a gcc2
      ^
configure:16132: $? = 0
configure:16135: test -s conftest
configure:16138: $? = 0
configure:16148: result: yes
configure:16092: checking for poll
configure:16129: gcc -o conftest -g -O2 -Wall   conftest.c   >&5
configure:16132: $? = 0
configure:16135: test -s conftest
configure:16138: $? = 0
configure:16148: result: yes
configure:16092: checking for getcwd
configure:16148: result: yes
configure:16092: checking for nanosleep
configure:16129: gcc -o conftest -g -O2 -Wall   conftest.c   >&5
configure:16132: $? = 0
configure:16135: test -s conftest
configure:16138: $? = 0
configure:16148: result: yes
configure:16092: checking for vasprintf
configure:16129: gcc -o conftest -g -O2 -Wall   conftest.c   >&5
configure:16132: $? = 0
configure:16135: test -s conftest
configure:16138: $? = 0
configure:16148: result: yes
configure:16092: checking for unsetenv
configure:16129: gcc -o conftest -g -O2 -Wall   conftest.c   >&5
configure:16132: $? = 0
configure:16135: test -s conftest
configure:16138: $? = 0
configure:16148: result: yes
configure:16092: checking for getc_unlocked
configure:16129: gcc -o conftest -g -O2 -Wall   conftest.c   >&5
configure:16132: $? = 0
configure:16135: test -s conftest
configure:16138: $? = 0
configure:16148: result: yes
configure:16159: checking for C99 vsnprintf
configure:16198: gcc -o conftest -g -O2 -Wall   conftest.c   >&5
configure: In function 'doit':
configure:16183:5: warning: implicit declaration of function 'exit' [-Wimplicit-function-declaration]
 
     ^
configure:16183:5: warning: incompatible implicit declaration of built-in function 'exit' [enabled by default]
configure: In function 'main':
configure:16192:3: warning: incompatible implicit declaration of built-in function 'exit' [enabled by default]
 {
   ^
configure:16201: $? = 0
configure:16203: ./conftest
configure:16206: $? = 0
configure:16219: result: yes
configure:16297: checking for sys_errlist
configure:16316: gcc -o conftest -g -O2 -Wall   conftest.c   >&5
/tmp/ccKQgLn9.o: In function `main':
/home/general/cn_proc/glib-2.0.7/configure:16307: warning: `sys_errlist' is deprecated; use `strerror' or `strerror_r' instead
/home/general/cn_proc/glib-2.0.7/configure:16307: warning: `sys_nerr' is deprecated; use `strerror' or `strerror_r' instead
configure:16319: $? = 0
configure:16322: test -s conftest
configure:16325: $? = 0
configure:16334: result: yes
configure:16345: checking for sys_siglist
configure:16363: gcc -o conftest -g -O2 -Wall   conftest.c   >&5
configure: In function 'main':
configure:16354:1: warning: implicit declaration of function 'exit' [-Wimplicit-function-declaration]
 
 ^
configure:16354:1: warning: incompatible implicit declaration of built-in function 'exit' [enabled by default]
configure:16354:1: warning: passing argument 1 of 'exit' makes integer from pointer without a cast [enabled by default]
configure:16354:1: note: expected 'int' but argument is of type 'char *'
configure:16366: $? = 0
configure:16369: test -s conftest
configure:16372: $? = 0
configure:16381: result: yes
configure:16392: checking for sys_siglist declaration
configure:16409: gcc -c -g -O2 -Wall  conftest.c >&5
configure: In function 'main':
configure:16400:1: warning: implicit declaration of function 'strlen' [-Wimplicit-function-declaration]
 {
 ^
configure:16400:1: warning: incompatible implicit declaration of built-in function 'strlen' [enabled by default]
configure:16400:1: warning: statement with no effect [-Wunused-value]
configure:16412: $? = 0
configure:16415: test -s conftest.o
configure:16418: $? = 0
configure:16427: result: yes
configure:16438: checking for fd_set
configure:16453: gcc -c -g -O2 -Wall  conftest.c >&5
configure: In function 'main':
configure:16445:18: warning: unused variable 'writeMask' [-Wunused-variable]
 main ()
                  ^
configure:16445:8: warning: unused variable 'readMask' [-Wunused-variable]
 main ()
        ^
configure:16456: $? = 0
configure:16459: test -s conftest.o
configure:16462: $? = 0
configure:16472: result: yes, found in sys/types.h
configure:16507: checking whether realloc (NULL,) will work
configure:16528: gcc -o conftest -g -O2 -Wall   conftest.c   >&5
configure:16531: $? = 0
configure:16533: ./conftest
configure:16536: $? = 0
configure:16550: result: yes
configure:16561: checking for nl_langinfo (CODESET)
configure:16576: gcc -c -g -O2 -Wall  conftest.c >&5
configure: In function 'main':
configure:16568:7: warning: unused variable 'codeset' [-Wunused-variable]
 main ()
       ^
configure:16579: $? = 0
configure:16582: test -s conftest.o
configure:16585: $? = 0
configure:16599: result: yes
configure:16604: checking for strlcpy/strlcat
configure:16624: gcc -o conftest -g -O2 -Wall   conftest.c   >&5
configure: In function 'main':
configure:16614:1: warning: implicit declaration of function 'strlcpy' [-Wimplicit-function-declaration]
 
 ^
configure:16615:1: warning: implicit declaration of function 'strlcat' [-Wimplicit-function-declaration]
 char *p = malloc(10);
 ^
/tmp/ccG3YQqh.o: In function `main':
/home/general/cn_proc/glib-2.0.7/configure:16614: undefined reference to `strlcpy'
/home/general/cn_proc/glib-2.0.7/configure:16615: undefined reference to `strlcat'
collect2: error: ld returned 1 exit status
configure:16627: $? = 1
configure: failed program was:
#line 16606 "configure"
#include "confdefs.h"
#include <stdlib.h>
#include <string.h>
int
main ()
{

char *p = malloc(10);
(void) strlcpy(p, "hi", 10);
(void) strlcat(p, "bye", 10);

  ;
  return 0;
}
configure:16642: result: no
configure:16653: checking for an implementation of va_copy()
configure:16683: gcc -o conftest -g -O2 -Wall   conftest.c   >&5
configure: In function 'f':
configure:16672:4: warning: implicit declaration of function 'exit' [-Wimplicit-function-declaration]
  va_copy (args2, args1);
    ^
configure:16672:4: warning: incompatible implicit declaration of built-in function 'exit' [enabled by default]
configure:16686: $? = 0
configure:16688: ./conftest
configure:16691: $? = 0
configure:16705: result: yes
configure:16707: checking for an implementation of __va_copy()
configure:16737: gcc -o conftest -g -O2 -Wall   conftest.c   >&5
configure: In function 'f':
configure:16726:4: warning: implicit declaration of function 'exit' [-Wimplicit-function-declaration]
  __va_copy (args2, args1);
    ^
configure:16726:4: warning: incompatible implicit declaration of built-in function 'exit' [enabled by default]
configure:16740: $? = 0
configure:16742: ./conftest
configure:16745: $? = 0
configure:16759: result: yes
configure:16777: checking whether va_lists can be copied by value
configure:16807: gcc -o conftest -g -O2 -Wall   conftest.c   >&5
configure: In function 'f':
configure:16794:8: error: incompatible types when assigning to type 'va_list' from type 'struct __va_list_tag *'
  va_list args1, args2;
        ^
configure:16796:4: warning: implicit declaration of function 'exit' [-Wimplicit-function-declaration]
  args2 = args1;
    ^
configure:16796:4: warning: incompatible implicit declaration of built-in function 'exit' [enabled by default]
configure:16810: $? = 1
configure: program exited with status 1
configure: failed program was:
#line 16788 "configure"
#include "confdefs.h"

	#include <stdarg.h>
	void f (int i, ...) {
	va_list args1, args2;
	va_start (args1, i);
	args2 = args1;
	if (va_arg (args2, int) != 42 || va_arg (args1, int) != 42)
	  exit (1);
	va_end (args1); va_end (args2);
	}
	int main() {
	  f (0, 42);
	  return 0;
	}
configure:16829: result: no
configure:16857: checking for dlopen
configure:16894: gcc -o conftest -g -O2 -Wall   conftest.c   >&5
/tmp/ccsYQjzA.o: In function `main':
/home/general/cn_proc/glib-2.0.7/configure:16884: undefined reference to `dlopen'
collect2: error: ld returned 1 exit status
configure:16897: $? = 1
configure: failed program was:
#line 16862 "configure"
#include "confdefs.h"
/* System header to define __stub macros and hopefully few prototypes,
    which can conflict with char dlopen (); below.  */
#include <assert.h>
/* Override any gcc2 internal prototype to avoid an error.  */
#ifdef __cplusplus
extern "C"
#endif
/* We use char because int might match the return type of a gcc2
   builtin and then its argument prototype would still apply.  */
char dlopen ();
char (*f) ();

int
main ()
{
/* The GNU C library defines this for functions which it implements
    to always fail with ENOSYS.  Some functions are actually named
    something starting with __ and the normal name is an alias.  */
#if defined (__stub_dlopen) || defined (__stub___dlopen)
choke me
#else
f = dlopen;
#endif

  ;
  return 0;
}
configure:16913: result: no
configure:17040: checking for NSLinkModule
configure:17077: gcc -o conftest -g -O2 -Wall   conftest.c   >&5
/tmp/ccdXb2lB.o: In function `main':
/home/general/cn_proc/glib-2.0.7/configure:17067: undefined reference to `NSLinkModule'
collect2: error: ld returned 1 exit status
configure:17080: $? = 1
configure: failed program was:
#line 17045 "configure"
#include "confdefs.h"
/* System header to define __stub macros and hopefully few prototypes,
    which can conflict with char NSLinkModule (); below.  */
#include <assert.h>
/* Override any gcc2 internal prototype to avoid an error.  */
#ifdef __cplusplus
extern "C"
#endif
/* We use char because int might match the return type of a gcc2
   builtin and then its argument prototype would still apply.  */
char NSLinkModule ();
char (*f) ();

int
main ()
{
/* The GNU C library defines this for functions which it implements
    to always fail with ENOSYS.  Some functions are actually named
    something starting with __ and the normal name is an alias.  */
#if defined (__stub_NSLinkModule) || defined (__stub___NSLinkModule)
choke me
#else
f = NSLinkModule;
#endif

  ;
  return 0;
}
configure:17096: result: no
configure:17105: checking for dlopen in -ldl
configure:17132: gcc -o conftest -g -O2 -Wall   conftest.c -ldl    >&5
configure:17135: $? = 0
configure:17138: test -s conftest
configure:17141: $? = 0
configure:17152: result: yes
configure:17155: checking for dlsym in -ldl
configure:17182: gcc -o conftest -g -O2 -Wall   conftest.c -ldl    >&5
configure:17185: $? = 0
configure:17188: test -s conftest
configure:17191: $? = 0
configure:17202: result: yes
configure:17273: checking for RTLD_GLOBAL brokenness
configure:17306: gcc -o conftest -g -O2 -Wall   -Wl,--export-dynamic conftest.c   -ldl >&5
configure:17309: $? = 0
configure:17311: ./conftest
configure:17314: $? = 0
configure:17329: result: no
configure:17336: checking for preceeding underscore in symbols
configure:17363: gcc -o conftest -g -O2 -Wall   -Wl,--export-dynamic conftest.c   -ldl >&5
configure:17366: $? = 0
configure:17368: ./conftest
configure:17371: $? = 1
configure: program exited with status 1
configure: failed program was:
#line 17347 "configure"
#include "confdefs.h"

		#include <dlfcn.h>
                int glib_underscore_test (void) { return 42; }
		int main() {
		  void *f1 = (void*)0, *f2 = (void*)0, *handle;
		  handle = dlopen ((void*)0, 0);
		  if (handle) {
		    f1 = dlsym (handle, "glib_underscore_test");
		    f2 = dlsym (handle, "_glib_underscore_test");
		  } return (!f2 || f1);
		}
configure:17386: result: no
configure:17395: checking for dlerror
configure:17432: gcc -o conftest -g -O2 -Wall   conftest.c   -ldl >&5
configure:17435: $? = 0
configure:17438: test -s conftest
configure:17441: $? = 0
configure:17451: result: yes
configure:17468: checking for the suffix of shared libraries
configure:17481: result: .so
configure:17496: checking for gspawn implementation
configure:17506: result: gspawn.lo
configure:17511: checking for GIOChannel implementation
configure:17521: result: giounix.lo
configure:17526: checking for platform-dependent source
configure:17536: result: 
configure:17540: checking whether to compile timeloop
configure:17550: result: yes
configure:17562: checking if building for some Win32 platform
configure:17572: result: no
configure:17721: gcc -c -g -O2 -Wall  -D_POSIX4_DRAFT_SOURCE -D_POSIX4A_DRAFT10_SOURCE -U_OSF_SOURCE conftest.c >&5
configure: In function 'main':
configure:17713:17: warning: unused variable 'm' [-Wunused-variable]
 main ()
                 ^
configure:17724: $? = 0
configure:17727: test -s conftest.o
configure:17730: $? = 0
configure:17785: checking for thread implementation
configure:17794: result: posix
configure:17906: checking thread related cflags
configure:17908: result: -D_REENTRANT
configure:17951: checking for pthread_create/pthread_join
configure:17973: gcc -o conftest -g -O2 -Wall -D_REENTRANT  -D_POSIX4_DRAFT_SOURCE -D_POSIX4A_DRAFT10_SOURCE -U_OSF_SOURCE  conftest.c    >&5
configure:17962:33: warning: return type defaults to 'int' [-Wreturn-type]
     int check_me = 0;
                                 ^
configure: In function 'main':
configure:17967:7: warning: implicit declaration of function 'exit' [-Wimplicit-function-declaration]
       pthread_create (&t, $defattr, func, 0);
       ^
configure:17967:7: warning: incompatible implicit declaration of built-in function 'exit' [enabled by default]
configure: In function 'func':
configure:17961:5: warning: control reaches end of non-void function [-Wreturn-type]
 #include <pthread.h>
     ^
/tmp/ccVcsWn0.o: In function `main':
/home/general/cn_proc/glib-2.0.7/configure:17965: undefined reference to `pthread_create'
/home/general/cn_proc/glib-2.0.7/configure:17966: undefined reference to `pthread_join'
collect2: error: ld returned 1 exit status
configure:17976: $? = 1
configure: program exited with status 1
configure: failed program was:
#line 17958 "configure"
#include "confdefs.h"
#include <pthread.h>
				int check_me = 0;
				void* func(void* data) {check_me = 42;}
                                main()
				{ pthread_t t;
				  void *ret;
				  pthread_create (&t, 0, func, 0);
				  pthread_join (t, &ret);
				  exit (check_me != 42);
				}
configure:17992: result: no
configure:17951: checking for pthread_create/pthread_join in -lpthread
configure:17973: gcc -o conftest -g -O2 -Wall -D_REENTRANT  -D_POSIX4_DRAFT_SOURCE -D_POSIX4A_DRAFT10_SOURCE -U_OSF_SOURCE  conftest.c   -lpthread >&5
configure:17962:33: warning: return type defaults to 'int' [-Wreturn-type]
     int check_me = 0;
                                 ^
configure: In function 'main':
configure:17967:7: warning: implicit declaration of function 'exit' [-Wimplicit-function-declaration]
       pthread_create (&t, $defattr, func, 0);
       ^
configure:17967:7: warning: incompatible implicit declaration of built-in function 'exit' [enabled by default]
configure: In function 'func':
configure:17961:5: warning: control reaches end of non-void function [-Wreturn-type]
 #include <pthread.h>
     ^
configure:17976: $? = 0
configure:17978: ./conftest
configure:17981: $? = 0
configure:17983: result: yes
configure:18015: checking for sched_get_priority_min
configure:18033: gcc -o conftest -g -O2 -Wall -D_REENTRANT  -D_POSIX4_DRAFT_SOURCE -D_POSIX4A_DRAFT10_SOURCE -U_OSF_SOURCE  conftest.c    >&5
configure:18036: $? = 0
configure:18038: ./conftest
configure:18041: $? = 0
configure:18043: result: yes
configure:18163: checking thread related libraries
configure:18165: result: -lpthread 
configure:18178: checking for localtime_r
configure:18215: gcc -o conftest -g -O2 -Wall -D_REENTRANT   conftest.c   >&5
configure:18218: $? = 0
configure:18221: test -s conftest
configure:18224: $? = 0
configure:18234: result: yes
configure:18245: checking for posix getpwuid_r
configure:18270: gcc -o conftest -g -O2 -Wall -D_REENTRANT   conftest.c   >&5
configure:18273: $? = 0
configure:18275: ./conftest
configure:18278: $? = 0
configure:18291: result: yes
configure:18355: checking size of pthread_t
configure:18383: gcc -o conftest -g -O2 -Wall -D_REENTRANT  -D_POSIX4_DRAFT_SOURCE -D_POSIX4A_DRAFT10_SOURCE -U_OSF_SOURCE  conftest.c   -lpthread  >&5
configure:18372:1: warning: return type defaults to 'int' [-Wreturn-type]
 #endif
 ^
configure: In function 'main':
configure:18376:3: warning: format '%d' expects argument of type 'int', but argument 3 has type 'long unsigned int' [-Wformat=]
   FILE *f=fopen("conftestval", "w");
   ^
configure:18386: $? = 0
configure:18388: ./conftest
configure:18391: $? = 0
configure:18404: result: 8
configure:18414: checking for pthread_attr_setstacksize
configure:18429: gcc -o conftest -g -O2 -Wall -D_REENTRANT  -D_POSIX4_DRAFT_SOURCE -D_POSIX4A_DRAFT10_SOURCE -U_OSF_SOURCE  conftest.c   -lpthread  >&5
configure:18432: $? = 0
configure:18435: test -s conftest
configure:18438: $? = 0
configure:18440: result: yes
configure:18454: checking for minimal/maximal thread priority
configure:18519: result: sched_get_priority_min(SCHED_OTHER)/sched_get_priority_max(SCHED_OTHER)
configure:18533: checking for posix yield function
configure:18550: gcc -o conftest -g -O2 -Wall -D_REENTRANT  -D_POSIX4_DRAFT_SOURCE -D_POSIX4A_DRAFT10_SOURCE -U_OSF_SOURCE  conftest.c   -lpthread  >&5
configure:18553: $? = 0
configure:18556: test -s conftest
configure:18559: $? = 0
configure:18576: result: sched_yield
configure:18587: checking whether to use the PID niceness surrogate for thread priorities
configure:18613: gcc -o conftest -g -O2 -Wall -D_REENTRANT   conftest.c   -lpthread  >&5
configure:18601:18: warning: return type defaults to 'int' [-Wreturn-type]
 
                  ^
configure: In function 'main':
configure:18606:6: warning: implicit declaration of function 'exit' [-Wimplicit-function-declaration]
      pthread_create (&t, $defattr, func, NULL);
      ^
configure:18606:6: warning: incompatible implicit declaration of built-in function 'exit' [enabled by default]
configure: In function 'func':
configure:18600:4: warning: control reaches end of non-void function [-Wreturn-type]
    pid_t other_pid = 0;
    ^
configure:18616: $? = 0
configure:18618: ./conftest
configure:18621: $? = 1
configure: program exited with status 1
configure: failed program was:
#line 18594 "configure"
#include "confdefs.h"
#include <pthread.h>
			#include <sys/types.h>
			#include <unistd.h>
			pid_t other_pid = 0;

			void* func(void* data) {other_pid = getpid();}
                	main()
			{ pthread_t t;
			  void *ret;
			  pthread_create (&t, 0, func, NULL);
			  pthread_join (t, &ret);
			  exit (getpid()==other_pid ||
				sched_get_priority_min(SCHED_OTHER) != sched_get_priority_max(SCHED_OTHER));
			}
configure:18636: result: no
configure:18851: checking size of pthread_mutex_t
configure:18879: gcc -o conftest -g -O2 -Wall -D_REENTRANT  -D_POSIX4_DRAFT_SOURCE -D_POSIX4A_DRAFT10_SOURCE -U_OSF_SOURCE  conftest.c   -lpthread  >&5
configure:18868:1: warning: return type defaults to 'int' [-Wreturn-type]
 #endif
 ^
configure: In function 'main':
configure:18872:3: warning: format '%d' expects argument of type 'int', but argument 3 has type 'long unsigned int' [-Wformat=]
   FILE *f=fopen("conftestval", "w");
   ^
configure:18882: $? = 0
configure:18884: ./conftest
configure:18887: $? = 0
configure:18900: result: 40
configure:18908: checking byte contents of PTHREAD_MUTEX_INITIALIZER
configure:18935: gcc -o conftest -g -O2 -Wall -D_REENTRANT  -D_POSIX4_DRAFT_SOURCE -D_POSIX4A_DRAFT10_SOURCE -U_OSF_SOURCE  conftest.c   -lpthread  >&5
configure:18919:1: warning: return type defaults to 'int' [-Wreturn-type]
 #include <stdio.h>
 ^
configure: In function 'main':
configure:18925:3: warning: implicit declaration of function 'exit' [-Wimplicit-function-declaration]
   int i;
   ^
configure:18925:11: warning: incompatible implicit declaration of built-in function 'exit' [enabled by default]
   int i;
           ^
configure:18938: $? = 0
configure:18940: ./conftest
configure:18943: $? = 0
configure:18956: result: 0,0,0,0,0,0,0,0,0,0,0,0,0,0,0,0,0,0,0,0,0,0,0,0,0,0,0,0,0,0,0,0,0,0,0,0,0,0,0,0
configure:18985: checking system definitions for POLLIN POLLOUT POLLPRI POLLERR POLLHUP POLLNVAL
configure:19020: gcc -o conftest -g -O2 -Wall -D_REENTRANT   conftest.c   >&5
configure:19023: $? = 0
configure:19025: ./conftest
configure:19028: $? = 0
configure:19030: result: done
configure:19070: checking for EILSEQ
configure:19089: gcc -c -g -O2 -Wall -D_REENTRANT  conftest.c >&5
configure: In function 'main':
configure:19080:5: warning: unused variable 'error' [-Wunused-variable]
 {
     ^
configure:19092: $? = 0
configure:19095: test -s conftest.o
configure:19098: $? = 0
configure:19107: result: yes
configure:19187: checking for gtkdoc-mkdb
configure:19214: result: false
configure:19253: checking for db2html
configure:19280: result: false
configure:19423: creating ./config.status

## ---------------------- ##
## Running config.status. ##
## ---------------------- ##

This file was extended by config.status, which was
generated by GNU Autoconf 2.54.  Invocation command line was

  CONFIG_FILES    = 
  CONFIG_HEADERS  = 
  CONFIG_LINKS    = 
  CONFIG_COMMANDS = 
  $ ./config.status 

on huscs008

config.status:995: creating glib-2.0.pc
config.status:995: creating glib-2.0-uninstalled.pc
config.status:995: creating gmodule-2.0.pc
config.status:995: creating gmodule-2.0-uninstalled.pc
config.status:995: creating gthread-2.0.pc
config.status:995: creating gthread-2.0-uninstalled.pc
config.status:995: creating gobject-2.0.pc
config.status:995: creating gobject-2.0-uninstalled.pc
config.status:995: creating glib.spec
config.status:995: creating glib-zip
config.status:995: creating glib-gettextize
config.status:995: creating Makefile
config.status:995: creating build/Makefile
config.status:995: creating build/win32/Makefile
config.status:995: creating build/win32/dirent/Makefile
config.status:995: creating glib/Makefile
config.status:995: creating glib/libcharset/Makefile
config.status:995: creating gmodule/gmoduleconf.h
config.status:995: creating gmodule/Makefile
config.status:995: creating gobject/Makefile
config.status:995: creating gobject/glib-mkenums
config.status:995: creating gthread/Makefile
config.status:995: creating po/Makefile.in
config.status:995: creating docs/Makefile
config.status:995: creating docs/reference/Makefile
config.status:995: creating docs/reference/glib/Makefile
config.status:995: creating docs/reference/gobject/Makefile
config.status:995: creating tests/Makefile
config.status:995: creating m4macros/Makefile
config.status:1099: creating config.h
config.status:1570: executing default-1 commands
config.status:1570: executing default-2 commands
config.status:1570: executing default-3 commands

## ---------------- ##
## Cache variables. ##
## ---------------- ##

ac_cv_build=x86_64-unknown-linux-gnu
ac_cv_build_alias=x86_64-unknown-linux-gnu
ac_cv_c_bigendian=no
ac_cv_c_compiler_gnu=yes
ac_cv_c_const=yes
ac_cv_c_inline=inline
ac_cv_cxx_compiler_gnu=no
ac_cv_env_CC_set=
ac_cv_env_CC_value=
ac_cv_env_CFLAGS_set=
ac_cv_env_CFLAGS_value=
ac_cv_env_CPPFLAGS_set=
ac_cv_env_CPPFLAGS_value=
ac_cv_env_CPP_set=
ac_cv_env_CPP_value=
ac_cv_env_CXXFLAGS_set=
ac_cv_env_CXXFLAGS_value=
ac_cv_env_CXX_set=
ac_cv_env_CXX_value=
ac_cv_env_LDFLAGS_set=
ac_cv_env_LDFLAGS_value=
ac_cv_env_build_alias_set=
ac_cv_env_build_alias_value=
ac_cv_env_host_alias_set=
ac_cv_env_host_alias_value=
ac_cv_env_target_alias_set=
ac_cv_env_target_alias_value=
ac_cv_exeext=
ac_cv_func_NSLinkModule=no
ac_cv_func___argz_count=yes
ac_cv_func___argz_next=yes
ac_cv_func___argz_stringify=yes
ac_cv_func__doprnt=no
ac_cv_func_alloca_works=yes
ac_cv_func_atexit=yes
ac_cv_func_bind_textdomain_codeset=yes
ac_cv_func_dcgettext=yes
ac_cv_func_dlerror=yes
ac_cv_func_dlopen=no
ac_cv_func_getc_unlocked=yes
ac_cv_func_getcwd=yes
ac_cv_func_getpagesize=yes
ac_cv_func_iconv_open=yes
ac_cv_func_localtime_r=yes
ac_cv_func_lstat=yes
ac_cv_func_memmove=yes
ac_cv_func_mkstemp=yes
ac_cv_func_mmap_fixed_mapped=yes
ac_cv_func_munmap=yes
ac_cv_func_nanosleep=yes
ac_cv_func_nl_langinfo=yes
ac_cv_func_on_exit=yes
ac_cv_func_poll=yes
ac_cv_func_posix_getpwuid_r=yes
ac_cv_func_putenv=yes
ac_cv_func_setenv=yes
ac_cv_func_setlocale=yes
ac_cv_func_stpcpy=yes
ac_cv_func_strcasecmp=yes
ac_cv_func_strchr=yes
ac_cv_func_strdup=yes
ac_cv_func_strerror=yes
ac_cv_func_strncasecmp=yes
ac_cv_func_strsignal=yes
ac_cv_func_unsetenv=yes
ac_cv_func_vasprintf=yes
ac_cv_func_vprintf=yes
ac_cv_func_vsnprintf=yes
ac_cv_func_vsnprintf_c99=yes
ac_cv_gnu_library_2_1=yes
ac_cv_header_argz_h=yes
ac_cv_header_dirent_h=yes
ac_cv_header_dlfcn_h=yes
ac_cv_header_float_h=yes
ac_cv_header_inttypes_h=yes
ac_cv_header_langinfo_h=yes
ac_cv_header_libintl_h=yes
ac_cv_header_limits_h=yes
ac_cv_header_locale_h=yes
ac_cv_header_malloc_h=yes
ac_cv_header_memory_h=yes
ac_cv_header_nl_types_h=yes
ac_cv_header_pwd_h=yes
ac_cv_header_sched_h=yes
ac_cv_header_stdc=yes
ac_cv_header_stddef_h=yes
ac_cv_header_stdint_h=yes
ac_cv_header_stdlib_h=yes
ac_cv_header_string_h=yes
ac_cv_header_strings_h=yes
ac_cv_header_sys_param_h=yes
ac_cv_header_sys_poll_h=yes
ac_cv_header_sys_select_h=yes
ac_cv_header_sys_stat_h=yes
ac_cv_header_sys_time_h=yes
ac_cv_header_sys_times_h=yes
ac_cv_header_sys_types_h=yes
ac_cv_header_unistd_h=yes
ac_cv_header_values_h=yes
ac_cv_host=x86_64-unknown-linux-gnu
ac_cv_host_alias=x86_64-unknown-linux-gnu
ac_cv_lib_dl_dlopen=yes
ac_cv_lib_dl_dlsym=yes
ac_cv_objext=o
ac_cv_path_GMSGFMT=/usr/bin/msgfmt
ac_cv_path_MSGFMT=/usr/bin/msgfmt
ac_cv_path_PERL_PATH=/usr/bin/perl
ac_cv_path_PKG_CONFIG=/usr/bin/pkg-config
ac_cv_path_XGETTEXT=/usr/bin/xgettext
ac_cv_path_install='/usr/bin/install -c'
ac_cv_prog_AWK=gawk
ac_cv_prog_CPP='gcc -E'
ac_cv_prog_CXX=gcc
ac_cv_prog_DB2HTML=false
ac_cv_prog_GTKDOC=false
ac_cv_prog_PERL=perl
ac_cv_prog_ac_ct_CC=gcc
ac_cv_prog_ac_ct_RANLIB=ranlib
ac_cv_prog_ac_ct_STRIP=strip
ac_cv_prog_cc_g=yes
ac_cv_prog_cc_stdc=
ac_cv_prog_cxx_g=no
ac_cv_prog_egrep='grep -E'
ac_cv_prog_make_make_set=yes
ac_cv_sizeof___int64=0
ac_cv_sizeof_char=1
ac_cv_sizeof_int=4
ac_cv_sizeof_long=8
ac_cv_sizeof_long_long=8
ac_cv_sizeof_short=2
ac_cv_sizeof_void_p=8
ac_cv_sys_file_offset_bits=no
ac_cv_sys_large_files=no
ac_cv_sys_largefile_CC=no
ac_cv_type___int64=no
ac_cv_type_char=yes
ac_cv_type_int=yes
ac_cv_type_long=yes
ac_cv_type_long_long=yes
ac_cv_type_off_t=yes
ac_cv_type_short=yes
ac_cv_type_size_t=yes
ac_cv_type_void_p=yes
ac_cv_working_alloca_h=yes
am_cv_prog_cc_stdc=
am_cv_val_LC_MESSAGES=yes
glib_cv___va_copy=yes
glib_cv_byte_contents_gmutex=0,0,0,0,0,0,0,0,0,0,0,0,0,0,0,0,0,0,0,0,0,0,0,0,0,0,0,0,0,0,0,0,0,0,0,0,0,0,0,0
glib_cv_has__inline=yes
glib_cv_has__inline__=yes
glib_cv_hasinline=yes
glib_cv_long_long_format=ll
glib_cv_rtldglobal_broken=no
glib_cv_sane_realloc=yes
glib_cv_sizeof_gmutex=40
glib_cv_sizeof_intmax_t=8
glib_cv_sizeof_ptrdiff_t=8
glib_cv_sizeof_size_t=8
glib_cv_sizeof_system_thread=8
glib_cv_stack_grows=yes
glib_cv_uscore=no
glib_cv_va_copy=yes
glib_cv_va_val_copy=no
gt_cv_func_dgettext_libc=yes
gt_cv_func_dgettext_libintl=no
jm_cv_langinfo_codeset=yes
lt_cv_archive_cmds_need_lc=no
lt_cv_compiler_c_o=yes
lt_cv_compiler_o_lo=yes
lt_cv_deplibs_check_method=pass_all
lt_cv_file_magic_cmd='$MAGIC_CMD'
lt_cv_file_magic_test_file='/lib/libc.so* /lib/libc-*.so'
lt_cv_global_symbol_to_c_name_address='sed -n -e '\''s/^: \([^ ]*\) $/  {\"\1\", (lt_ptr) 0},/p'\'' -e '\''s/^[BCDEGRST] \([^ ]*\) \([^ ]*\)$/  {"\2", (lt_ptr) \&\2},/p'\'''
lt_cv_global_symbol_to_cdecl='sed -n -e '\''s/^. .* \(.*\)$/extern char \1;/p'\'''
lt_cv_ld_reload_flag=-r
lt_cv_path_LD=/usr/bin/ld
lt_cv_path_NM='/usr/bin/nm -B'
lt_cv_path_SED=/usr/bin/sed
lt_cv_prog_cc_can_build_shared=yes
lt_cv_prog_cc_no_builtin=
lt_cv_prog_cc_pic=' -fPIC'
lt_cv_prog_cc_pic_works=yes
lt_cv_prog_cc_shlib=
lt_cv_prog_cc_static=
lt_cv_prog_cc_static_works=no
lt_cv_prog_cc_wl=-Wl,
lt_cv_prog_gnu_ld=yes
lt_cv_sys_global_symbol_pipe='sed -n -e '\''s/^.*[ 	]\([ABCDGIRSTW][ABCDGIRSTW]*\)[ 	][ 	]*\(\)\([_A-Za-z][_A-Za-z0-9]*\)$/\1 \2\3 \3/p'\'''
nls_cv_force_use_gnu_gettext=no
nls_cv_header_intl=
nls_cv_header_libgt=
nls_cv_use_gnu_gettext=no

## ----------------- ##
## Output variables. ##
## ----------------- ##

ACLOCAL='/home/general/cn_proc/glib-2.0.7/missing aclocal-1.4'
ALLOCA=''
AUTOCONF='/home/general/cn_proc/glib-2.0.7/missing autoconf'
AUTOHEADER='/home/general/cn_proc/glib-2.0.7/missing autoheader'
AUTOMAKE='/home/general/cn_proc/glib-2.0.7/missing automake-1.4'
AWK='gawk'
CATALOGS=' ar.gmo az.gmo be.gmo bg.gmo ca.gmo cs.gmo de.gmo el.gmo es.gmo eu.gmo fr.gmo gl.gmo ja.gmo ko.gmo ms.gmo nl.gmo nn.gmo no.gmo pl.gmo pt.gmo pt_BR.gmo ro.gmo ru.gmo sk.gmo sl.gmo sv.gmo ta.gmo tr.gmo uk.gmo vi.gmo zh_CN.gmo zh_TW.gmo'
CATOBJEXT='.gmo'
CC='gcc'
CFLAGS='-g -O2 -Wall -D_REENTRANT'
CPP='gcc -E'
CPPFLAGS=''
CROSS_COMPILING_FALSE=''
CROSS_COMPILING_TRUE='#'
CXX=''
CXXFLAGS=''
DATADIRNAME='share'
DB2HTML='false'
DEFS='-DHAVE_CONFIG_H'
DISABLE_MEM_POOLS=''
ECHO='echo'
ECHO_C=''
ECHO_N='-n'
ECHO_T=''
EGREP='grep -E'
ENABLE_GC_FRIENDLY=''
ENABLE_GTK_DOC_FALSE=''
ENABLE_GTK_DOC_TRUE='#'
ENABLE_TIMELOOP_FALSE='#'
ENABLE_TIMELOOP_TRUE=''
EXEEXT=''
GETTEXT_PACKAGE='glib20'
GIO='giounix.lo'
GLIBC21='yes'
GLIB_BINARY_AGE='7'
GLIB_DEBUG_FLAGS=''
GLIB_DEF=''
GLIB_GENMARSHAL=''
GLIB_INTERFACE_AGE='7'
GLIB_MAJOR_VERSION='2'
GLIB_MICRO_VERSION='7'
GLIB_MINOR_VERSION='0'
GLIB_VERSION='2.0.7'
GMODULE_DEF=''
GMOFILES=' ar.gmo az.gmo be.gmo bg.gmo ca.gmo cs.gmo de.gmo el.gmo es.gmo eu.gmo fr.gmo gl.gmo ja.gmo ko.gmo ms.gmo nl.gmo nn.gmo no.gmo pl.gmo pt.gmo pt_BR.gmo ro.gmo ru.gmo sk.gmo sl.gmo sv.gmo ta.gmo tr.gmo uk.gmo vi.gmo zh_CN.gmo zh_TW.gmo'
GMSGFMT='/usr/bin/msgfmt'
GOBJECT_DEF=''
GSPAWN='gspawn.lo'
GTHREAD_COMPILE_IMPL_DEFINES='-D_POSIX4_DRAFT_SOURCE -D_POSIX4A_DRAFT10_SOURCE -U_OSF_SOURCE'
GTHREAD_DEF=''
GTKDOC='false'
G_LIBS_EXTRA=''
G_LIB_WIN32_RESOURCE=''
G_MODULE_BROKEN_RTLD_GLOBAL='0'
G_MODULE_HAVE_DLERROR='1'
G_MODULE_IMPL='G_MODULE_IMPL_DL'
G_MODULE_LDFLAGS='-Wl,--export-dynamic'
G_MODULE_LIBS='-ldl'
G_MODULE_LIBS_EXTRA=''
G_MODULE_NEED_USCORE='0'
G_MODULE_PLUGIN_LIBS=''
G_MODULE_SUPPORTED='true'
G_MODULE_WIN32_RESOURCE=''
G_OBJECT_WIN32_RESOURCE=''
G_THREAD_CFLAGS='-D_REENTRANT'
G_THREAD_LIBS='-lpthread '
G_THREAD_LIBS_EXTRA=''
G_THREAD_WIN32_RESOURCE=''
HAVE_CXX_FALSE=''
HAVE_CXX_TRUE='#'
HAVE_DOCBOOK_FALSE=''
HAVE_DOCBOOK_TRUE='#'
HAVE_GTK_DOC=''
HAVE_GTK_DOC_FALSE=''
HAVE_GTK_DOC_TRUE='#'
HTML_DIR='${datadir}/gtk-doc/html'
ICONV_LIBS=''
INDENT=''
INSTALL_DATA='${INSTALL} -m 644'
INSTALL_PROGRAM='${INSTALL}'
INSTALL_SCRIPT='${INSTALL}'
INSTOBJEXT='.mo'
INTLDEPS=''
INTLLIBS=''
INTLOBJS=''
LDFLAGS=''
LIBOBJS=''
LIBS=' '
LIBTOOL='$(SHELL) $(top_builddir)/libtool'
LN_S='ln -s'
LTLIBOBJS=''
LT_AGE='0'
LT_CURRENT='0'
LT_CURRENT_MINUS_AGE='0'
LT_RELEASE='2.0'
LT_REVISION='7'
MAINT='#'
MAINTAINER_MODE_FALSE=''
MAINTAINER_MODE_TRUE='#'
MAKEINFO='/home/general/cn_proc/glib-2.0.7/missing makeinfo'
MKINSTALLDIRS='./mkinstalldirs'
MSGFMT='/usr/bin/msgfmt'
MS_LIB_AVAILABLE_FALSE=''
MS_LIB_AVAILABLE_TRUE='#'
OBJEXT='o'
OS_WIN32_FALSE=''
OS_WIN32_TRUE='#'
PACKAGE='glib'
PACKAGE_BUGREPORT=''
PACKAGE_NAME=''
PACKAGE_STRING=''
PACKAGE_TARNAME=''
PACKAGE_VERSION=''
PATH_SEPARATOR=':'
PERL='perl'
PERL_PATH='/usr/bin/perl'
PKG_CONFIG='/usr/bin/pkg-config'
PLATFORMDEP=''
PLATFORM_WIN32_FALSE=''
PLATFORM_WIN32_TRUE='#'
POFILES=' ar.po az.po be.po bg.po ca.po cs.po de.po el.po es.po eu.po fr.po gl.po ja.po ko.po ms.po nl.po nn.po no.po pl.po pt.po pt_BR.po ro.po ru.po sk.po sl.po sv.po ta.po tr.po uk.po vi.po zh_CN.po zh_TW.po'
POSUB='po'
RANLIB='ranlib'
REBUILD=''
SET_MAKE=''
SHELL='/bin/sh'
STRIP='strip'
STRIP_BEGIN='$(strip $(STRIP_DUMMY)'
STRIP_DUMMY=''
STRIP_END=')'
TESTGMODULE_EXP=''
USE_NLS='yes'
VERSION='2.0.7'
XGETTEXT='/usr/bin/xgettext'
ac_ct_CC='gcc'
ac_ct_CXX=''
ac_ct_RANLIB='ranlib'
ac_ct_STRIP='strip'
bindir='${exec_prefix}/bin'
build='x86_64-unknown-linux-gnu'
build_alias=''
build_cpu='x86_64'
build_os='linux-gnu'
build_vendor='unknown'
datadir='${prefix}/share'
exec_prefix='${prefix}'
host='x86_64-unknown-linux-gnu'
host_alias=''
host_cpu='x86_64'
host_os='linux-gnu'
host_vendor='unknown'
includedir='${prefix}/include'
infodir='${prefix}/info'
libdir='${exec_prefix}/lib'
libexecdir='${exec_prefix}/libexec'
localstatedir='${prefix}/var'
mandir='${prefix}/man'
ms_librarian=''
oldincludedir='/usr/include'
prefix='/usr/local'
program_transform_name='s,x,x,'
sbindir='${exec_prefix}/sbin'
sharedstatedir='${prefix}/com'
sysconfdir='${prefix}/etc'
target_alias=''

## ----------- ##
## confdefs.h. ##
## ----------- ##

#define ENABLE_NLS 1
#define GETTEXT_PACKAGE "glib20"
#define GLIB_BINARY_AGE 7
#define GLIB_BYTE_CONTENTS_GMUTEX 0,0,0,0,0,0,0,0,0,0,0,0,0,0,0,0,0,0,0,0,0,0,0,0,0,0,0,0,0,0,0,0,0,0,0,0,0,0,0,0
#define GLIB_INTERFACE_AGE 7
#define GLIB_LOCALE_DIR "/usr/local/share/locale"
#define GLIB_MAJOR_VERSION 2
#define GLIB_MICRO_VERSION 7
#define GLIB_MINOR_VERSION 0
#define GLIB_SIZEOF_GMUTEX 40
#define GLIB_SIZEOF_INTMAX_T 8
#define GLIB_SIZEOF_PTRDIFF_T 8
#define GLIB_SIZEOF_SIZE_T 8
#define GLIB_SIZEOF_SYSTEM_THREAD 8
#define G_COMPILED_WITH_DEBUGGING "minimum"
#define G_HAVE_INLINE 1
#define G_HAVE___INLINE 1
#define G_HAVE___INLINE__ 1
#define G_THREAD_SOURCE "gthread-posix.c"
#define G_VA_COPY va_copy
#define G_VA_COPY_AS_ARRAY 1
#define HAVE_ALLOCA 1
#define HAVE_ALLOCA 1
#define HAVE_ALLOCA_H 1
#define HAVE_ALLOCA_H 1
#define HAVE_ARGZ_H 1
#define HAVE_ATEXIT 1
#define HAVE_BIND_TEXTDOMAIN_CODESET 1
#define HAVE_C99_VSNPRINTF 1
#define HAVE_CODESET 1
#define HAVE_DCGETTEXT 1
#define HAVE_DIRENT_H 1
#define HAVE_DLFCN_H 1
#define HAVE_FLOAT_H 1
#define HAVE_GETCWD 1
#define HAVE_GETCWD 1
#define HAVE_GETC_UNLOCKED 1
#define HAVE_GETPAGESIZE 1
#define HAVE_GETTEXT 1
#define HAVE_INTTYPES_H 1
#define HAVE_LANGINFO_CODESET 1
#define HAVE_LANGINFO_H 1
#define HAVE_LC_MESSAGES 1
#define HAVE_LIMITS_H 1
#define HAVE_LIMITS_H 1
#define HAVE_LOCALE_H 1
#define HAVE_LOCALTIME_R 1
#define HAVE_LSTAT 1
#define HAVE_MALLOC_H 1
#define HAVE_MEMMOVE 1
#define HAVE_MEMORY_H 1
#define HAVE_MKSTEMP 1
#define HAVE_MMAP 1
#define HAVE_MUNMAP 1
#define HAVE_NANOSLEEP 1
#define HAVE_NL_LANGINFO 1
#define HAVE_NL_TYPES_H 1
#define HAVE_ON_EXIT 1
#define HAVE_POLL 1
#define HAVE_POSIX_GETPWUID_R 1
#define HAVE_PTHREAD_ATTR_SETSTACKSIZE 1
#define HAVE_PUTENV 1
#define HAVE_PWD_H 1
#define HAVE_SCHED_H 1
#define HAVE_SETENV 1
#define HAVE_SETLOCALE 1
#define HAVE_SETLOCALE 1
#define HAVE_STDDEF_H 1
#define HAVE_STDINT_H 1
#define HAVE_STDINT_H 1
#define HAVE_STDLIB_H 1
#define HAVE_STDLIB_H 1
#define HAVE_STDLIB_H 1
#define HAVE_STPCPY 1
#define HAVE_STRCASECMP 1
#define HAVE_STRCASECMP 1
#define HAVE_STRCHR 1
#define HAVE_STRDUP 1
#define HAVE_STRERROR 1
#define HAVE_STRINGS_H 1
#define HAVE_STRING_H 1
#define HAVE_STRING_H 1
#define HAVE_STRING_H 1
#define HAVE_STRNCASECMP 1
#define HAVE_STRSIGNAL 1
#define HAVE_SYS_PARAM_H 1
#define HAVE_SYS_PARAM_H 1
#define HAVE_SYS_POLL_H 1
#define HAVE_SYS_SELECT_H 1
#define HAVE_SYS_STAT_H 1
#define HAVE_SYS_TIMES_H 1
#define HAVE_SYS_TIME_H 1
#define HAVE_SYS_TYPES_H 1
#define HAVE_UNISTD_H 1
#define HAVE_UNISTD_H 1
#define HAVE_UNISTD_H 1
#define HAVE_UNISTD_H 1
#define HAVE_UNSETENV 1
#define HAVE_VALUES_H 1
#define HAVE_VASPRINTF 1
#define HAVE_VPRINTF 1
#define HAVE_VSNPRINTF 1
#define HAVE___ARGZ_COUNT 1
#define HAVE___ARGZ_NEXT 1
#define HAVE___ARGZ_STRINGIFY 1
#define PACKAGE_BUGREPORT ""
#define PACKAGE_NAME ""
#define PACKAGE_STRING ""
#define PACKAGE_TARNAME ""
#define PACKAGE_VERSION ""
#define POSIX_MAX_PRIORITY sched_get_priority_max(SCHED_OTHER)
#define POSIX_MIN_PRIORITY sched_get_priority_min(SCHED_OTHER)
#define POSIX_YIELD_FUNC sched_yield()
#define REALLOC_0_WORKS 1
#define SIZEOF_CHAR 1
#define SIZEOF_INT 4
#define SIZEOF_LONG 8
#define SIZEOF_LONG_LONG 8
#define SIZEOF_SHORT 2
#define SIZEOF_VOID_P 8
#define SIZEOF___INT64 0
#define STDC_HEADERS 1
#define STDC_HEADERS 1
#endif
#ifdef __cplusplus
void exit (int);

configure: exit 0

## ---------------------- ##
## Running config.status. ##
## ---------------------- ##

This file was extended by config.status, which was
generated by GNU Autoconf 2.54.  Invocation command line was

  CONFIG_FILES    = 
  CONFIG_HEADERS  = 
  CONFIG_LINKS    = 
  CONFIG_COMMANDS = 
  $ ./config.status 

on huscs008

config.status:1570: executing default-1 commands
config.status:1570: executing default-2 commands
config.status:1570: executing default-3 commands
